-----02-12-2018 @ 14:39:25 ------
schedule_cleanup_temp_users
-----02-12-2018 @ 14:39:26 ------
schedule_update_user_items
-----02-12-2018 @ 14:50:51 ------
schedule_update_user_items
-----02-12-2018 @ 15:06:42 ------
schedule_update_user_items
-----02-12-2018 @ 15:11:36 ------
schedule_update_user_items
-----02-12-2018 @ 15:19:31 ------
schedule_update_user_items
-----02-12-2018 @ 15:31:48 ------
schedule_update_user_items
-----02-12-2018 @ 15:39:28 ------
schedule_update_user_items
-----02-12-2018 @ 15:49:31 ------
schedule_update_user_items
-----02-12-2018 @ 15:59:32 ------
schedule_update_user_items
-----02-12-2018 @ 16:10:02 ------
schedule_update_user_items
-----02-12-2018 @ 16:19:49 ------
schedule_update_user_items
-----02-12-2018 @ 16:29:29 ------
schedule_update_user_items
-----02-12-2018 @ 16:39:33 ------
schedule_update_user_items
-----02-13-2018 @ 03:32:19 ------
schedule_update_user_items
-----02-13-2018 @ 03:39:35 ------
schedule_update_user_items
-----02-13-2018 @ 03:49:34 ------
schedule_update_user_items
-----02-13-2018 @ 04:33:03 ------
schedule_update_user_items
-----02-13-2018 @ 04:40:05 ------
schedule_update_user_items
-----02-13-2018 @ 04:49:33 ------
schedule_update_user_items
-----02-13-2018 @ 04:59:35 ------
schedule_update_user_items
-----02-13-2018 @ 05:10:03 ------
schedule_update_user_items
-----02-13-2018 @ 05:19:26 ------
schedule_update_user_items
-----02-13-2018 @ 05:21:08 ------
404: File /var/www/html/wordpress/wp-content/plugins/learnpress/inc/class-lp-page-controller.php, line #373
-----02-13-2018 @ 05:21:09 ------
404: File /var/www/html/wordpress/wp-content/plugins/learnpress/inc/class-lp-page-controller.php, line #373
-----02-13-2018 @ 05:30:21 ------
schedule_update_user_items
-----02-14-2018 @ 02:14:17 ------
create_table
-----02-14-2018 @ 02:14:17 ------
create_table
-----02-14-2018 @ 02:14:19 ------
create_table
-----02-14-2018 @ 02:14:19 ------
create_table
-----02-14-2018 @ 02:14:27 ------
schedule_update_user_items
-----02-14-2018 @ 02:24:36 ------
schedule_update_user_items
-----02-14-2018 @ 02:33:28 ------
404: File /var/www/html/wordpress/wp-content/plugins/learnpress/inc/class-lp-page-controller.php, line #373
-----02-14-2018 @ 02:33:31 ------
404: File /var/www/html/wordpress/wp-content/plugins/learnpress/inc/class-lp-page-controller.php, line #373
-----02-14-2018 @ 02:33:33 ------
404: File /var/www/html/wordpress/wp-content/plugins/learnpress/inc/class-lp-page-controller.php, line #373
-----02-14-2018 @ 02:33:51 ------
404: File /var/www/html/wordpress/wp-content/plugins/learnpress/inc/class-lp-page-controller.php, line #373
-----02-14-2018 @ 02:34:05 ------
404: File /var/www/html/wordpress/wp-content/plugins/learnpress/inc/class-lp-page-controller.php, line #373
-----02-14-2018 @ 02:34:05 ------
404: File /var/www/html/wordpress/wp-content/plugins/learnpress/inc/class-lp-page-controller.php, line #373
-----02-14-2018 @ 02:34:34 ------
schedule_update_user_items
